<?xml version="1.0" encoding="UTF-8"?>
<!-- Generated by org.testng.reporters.JUnitXMLReporter -->
<testsuite ignored="1" hostname="DESKTOP-DCIEVRK" failures="0" tests="1" name="Default test" time="3.103" errors="0" timestamp="2023-04-05T08:03:43 IST">
  <testcase classname="seleniumUITests.SampleTest" name="typeSomething" time="3.071"/>
  <testcase classname="seleniumUITests.SampleTest" name="browserLaunch" time="0.0">
    <ignored/>
  </testcase> <!-- browserLaunch -->
</testsuite> <!-- Default test -->
