<?xml version="1.0" encoding="UTF-8"?>
<testng-results ignored="1" total="2" passed="1" failed="0" skipped="0">
  <reporter-output>
  </reporter-output>
  <suite started-at="2023-04-05T08:03:40 IST" name="Default suite" finished-at="2023-04-05T08:03:43 IST" duration-ms="3103">
    <groups>
    </groups>
    <test started-at="2023-04-05T08:03:40 IST" name="Default test" finished-at="2023-04-05T08:03:43 IST" duration-ms="3103">
      <class name="seleniumUITests.SampleTest">
        <test-method signature="typeSomething()[pri:0, instance:seleniumUITests.SampleTest@2e005c4b]" started-at="2023-04-05T08:03:40 IST" name="typeSomething" finished-at="2023-04-05T08:03:43 IST" duration-ms="3071" status="PASS">
          <reporter-output>
          </reporter-output>
        </test-method> <!-- typeSomething -->
      </class> <!-- seleniumUITests.SampleTest -->
    </test> <!-- Default test -->
  </suite> <!-- Default suite -->
</testng-results>
